<?xml version="1.0" encoding="UTF-8"?>
<testng-results skipped="1" failed="0" ignored="0" total="1" passed="0">
  <reporter-output>
    <line>
      <![CDATA[<div "featureFile">Feature File: loginPageTest.feature</div>]]>
    </line>
    <line>
      <![CDATA[<div "feature">Feature: Loing test for newtorus web, for exercise</div>]]>
    </line>
    <line>
      <![CDATA[<div "result">Given  I am in newtours home page &quot;http:&#x2F;&#x2F;www.newtours.demoaut.com&#x2F;&quot; (failed : 0s)</div>]]>
    </line>
    <line>
      <![CDATA[<div "scenario">Scenario: Login test weith correct credencials</div>]]>
    </line>
    <line>
      <![CDATA[<div "result">When  I insert user name=&quot;a&quot; and password=&quot;a&quot; (skipped)</div>]]>
    </line>
    <line>
      <![CDATA[<div "result">And  I press Login button (skipped)</div>]]>
    </line>
    <line>
      <![CDATA[<div "result">Then  &quot;SIGN-OFF&quot; link should be seen on the top menue (skipped)</div>]]>
    </line>
    <line>
      <![CDATA[<div "result">Given  I am in newtours home page &quot;http:&#x2F;&#x2F;www.newtours.demoaut.com&#x2F;&quot; (failed : 0s)</div>]]>
    </line>
    <line>
      <![CDATA[<div "scenario">Scenario: login not success with incorrect username abced and pass ab</div>]]>
    </line>
    <line>
      <![CDATA[<div "result">When  I insert user name &quot;abcd&quot; and password &quot;ab&quot; (skipped)</div>]]>
    </line>
    <line>
      <![CDATA[<div "result">And  i press login (skipped)</div>]]>
    </line>
    <line>
      <![CDATA[<div "result">Then  &quot;SIGN-ON&quot; link shoudl be seen (skipped)</div>]]>
    </line>
    <line>
      <![CDATA[<div "result">Given  I am in newtours home page &quot;http:&#x2F;&#x2F;www.newtours.demoaut.com&#x2F;&quot; (failed : 0s)</div>]]>
    </line>
    <line>
      <![CDATA[<div "scenario">Scenario: test gmail page</div>]]>
    </line>
    <line>
      <![CDATA[<div "result">When  I insert Username =&quot;xxxxx@gmail.com&quot; (undefined)</div>]]>
    </line>
    <line>
      <![CDATA[<div "result">And  I insert password =&quot;xxxxx&quot; (undefined)</div>]]>
    </line>
    <line>
      <![CDATA[<div "result">And  Press loing button (undefined)</div>]]>
    </line>
    <line>
      <![CDATA[<div "result">Then  I should get login success (undefined)</div>]]>
    </line>
    <line>
      <![CDATA[<div "scenarioOutline">Scenario Outline: Login test with different credencials</div>]]>
    </line>
    <line>
      <![CDATA[<div "result">When  I insert user name=&quot;&lt;userName&gt;&quot; and password=&quot;&lt;password&gt;&quot; (failed : 0s)</div>]]>
    </line>
    <line>
      <![CDATA[<div "scenario">Scenario Outline: Login test with different credencials</div>]]>
    </line>
    <line>
      <![CDATA[<div "result">And  I press Login button (skipped)</div>]]>
    </line>
    <line>
      <![CDATA[<div "result">Then  &quot;&lt;link&gt;&quot; link should be seen on the top menue (skipped)</div>]]>
    </line>
    <line>
      <![CDATA[<div "result">Given  I am in newtours home page &quot;http:&#x2F;&#x2F;www.newtours.demoaut.com&#x2F;&quot; (skipped)</div>]]>
    </line>
    <line>
      <![CDATA[<div "result">When  I insert user name=&quot;a&quot; and password=&quot;a&quot; (failed : 0s)</div>]]>
    </line>
    <line>
      <![CDATA[<div "scenario">Scenario Outline: Login test with different credencials</div>]]>
    </line>
    <line>
      <![CDATA[<div "result">And  I press Login button (skipped)</div>]]>
    </line>
    <line>
      <![CDATA[<div "result">Then  &quot;SIGN-OFF&quot; link should be seen on the top menue (skipped)</div>]]>
    </line>
    <line>
      <![CDATA[<div "result">Given  I am in newtours home page &quot;http:&#x2F;&#x2F;www.newtours.demoaut.com&#x2F;&quot; (skipped)</div>]]>
    </line>
    <line>
      <![CDATA[<div "result">When  I insert user name=&quot;a&quot; and password=&quot;bbb&quot; (failed : 0s)</div>]]>
    </line>
    <line>
      <![CDATA[<div "scenario">Scenario Outline: Login test with different credencials</div>]]>
    </line>
    <line>
      <![CDATA[<div "result">And  I press Login button (skipped)</div>]]>
    </line>
    <line>
      <![CDATA[<div "result">Then  &quot;SIGN-ON&quot; link should be seen on the top menue (skipped)</div>]]>
    </line>
    <line>
      <![CDATA[<div "result">Given  I am in newtours home page &quot;http:&#x2F;&#x2F;www.newtours.demoaut.com&#x2F;&quot; (skipped)</div>]]>
    </line>
    <line>
      <![CDATA[<div "result">When  I insert user name=&quot;bbb&quot; and password=&quot;a&quot; (failed : 0s)</div>]]>
    </line>
    <line>
      <![CDATA[<div "scenario">Scenario Outline: Login test with different credencials</div>]]>
    </line>
    <line>
      <![CDATA[<div "result">And  I press Login button (skipped)</div>]]>
    </line>
    <line>
      <![CDATA[<div "result">Then  &quot;SIGN-ON&quot; link should be seen on the top menue (skipped)</div>]]>
    </line>
    <line>
      <![CDATA[<div "result">Given  I am in newtours home page &quot;http:&#x2F;&#x2F;www.newtours.demoaut.com&#x2F;&quot; (skipped)</div>]]>
    </line>
    <line>
      <![CDATA[<div "result">When  I insert user name=&quot;bbbc&quot; and password=&quot;bbbc&quot; (failed : 0s)</div>]]>
    </line>
    <line>
      <![CDATA[<div "scenario">Scenario Outline: Login test with different credencials</div>]]>
    </line>
    <line>
      <![CDATA[<div "result">And  I press Login button (skipped)</div>]]>
    </line>
    <line>
      <![CDATA[<div "result">Then  &quot;SIGN-ON&quot; link should be seen on the top menue (skipped)</div>]]>
    </line>
    <line>
      <![CDATA[<div "result">Given  I am in newtours home page &quot;http:&#x2F;&#x2F;www.newtours.demoaut.com&#x2F;&quot; (skipped)</div>]]>
    </line>
    <line>
      <![CDATA[<div "result">When  I insert user name=&quot;&quot; and password=&quot;a&quot; (failed : 0s)</div>]]>
    </line>
    <line>
      <![CDATA[<div "scenario">Scenario Outline: Login test with different credencials</div>]]>
    </line>
    <line>
      <![CDATA[<div "result">And  I press Login button (skipped)</div>]]>
    </line>
    <line>
      <![CDATA[<div "result">Then  &quot;SIGN-ON&quot; link should be seen on the top menue (skipped)</div>]]>
    </line>
    <line>
      <![CDATA[<div "result">Given  I am in newtours home page &quot;http:&#x2F;&#x2F;www.newtours.demoaut.com&#x2F;&quot; (skipped)</div>]]>
    </line>
    <line>
      <![CDATA[<div "result">When  I insert user name=&quot;a&quot; and password=&quot;&quot; (failed : 0s)</div>]]>
    </line>
    <line>
      <![CDATA[<div "scenario">Scenario Outline: Login test with different credencials</div>]]>
    </line>
    <line>
      <![CDATA[<div "result">And  I press Login button (skipped)</div>]]>
    </line>
    <line>
      <![CDATA[<div "result">Then  &quot;SIGN-ON&quot; link should be seen on the top menue (skipped)</div>]]>
    </line>
    <line>
      <![CDATA[<div "result">Given  I am in newtours home page &quot;http:&#x2F;&#x2F;www.newtours.demoaut.com&#x2F;&quot; (skipped)</div>]]>
    </line>
    <line>
      <![CDATA[<div "result">When  I insert user name=&quot;&quot; and password=&quot;&quot; (failed : 0s)</div>]]>
    </line>
    <line>
      <![CDATA[<div "scenario">Scenario: registraoin test</div>]]>
    </line>
    <line>
      <![CDATA[<div "result">And  I press Login button (undefined)</div>]]>
    </line>
    <line>
      <![CDATA[<div "result">Then  &quot;SIGN-ON&quot; link should be seen on the top menue (undefined)</div>]]>
    </line>
    <line>
      <![CDATA[<div "result">Given  I am in newtours home page &quot;http:&#x2F;&#x2F;www.newtours.demoaut.com&#x2F;&quot; (undefined)</div>]]>
    </line>
    <line>
      <![CDATA[<div "result">*  I am on newtours reg page (undefined)</div>]]>
    </line>
    <line>
      <![CDATA[<div "featureFile">Feature File: registrationPageTest.feature</div>]]>
    </line>
    <line>
      <![CDATA[<div "feature">Feature: Testing registriaon page with different values</div>]]>
    </line>
    <line>
      <![CDATA[<div "scenarioOutline">Scenario Outline: Check registraion with correct and incorrect password and confirm password field</div>]]>
    </line>
    <line>
      <![CDATA[<div "result">*  I type corect info ofr userName=&quot;solomo&quot; age29, address=&#x27;dfsdfsfsd&quot; (failed : 0s)</div>]]>
    </line>
    <line>
      <![CDATA[<div "result">*  press submit button (skipped)</div>]]>
    </line>
    <line>
      <![CDATA[<div "scenario">Scenario Outline: Check registraion with correct and incorrect password and confirm password field</div>]]>
    </line>
    <line>
      <![CDATA[<div "result">*  I should get reg success (skipped)</div>]]>
    </line>
    <line>
      <![CDATA[<div "result">When  I insert password &quot;&lt;password&gt;&quot; and confirm password  &quot;&lt;confirm&gt;&quot; (skipped)</div>]]>
    </line>
    <line>
      <![CDATA[<div "result">And  I click submit (skipped)</div>]]>
    </line>
    <line>
      <![CDATA[<div "result">Then  &quot;&lt;url&gt;&quot; page should be seen (failed : 0s)</div>]]>
    </line>
    <line>
      <![CDATA[<div "result">Given  your are in registraion page &quot;http:&#x2F;&#x2F;newtours.demoaut.com&#x2F;mercuryregister.php&quot; (skipped)</div>]]>
    </line>
    <line>
      <![CDATA[<div "scenario">Scenario Outline: Check registraion with correct and incorrect password and confirm password field</div>]]>
    </line>
    <line>
      <![CDATA[<div "result">And  Add correct data to registration form 5 (skipped)</div>]]>
    </line>
    <line>
      <![CDATA[<div "result">When  I insert password &quot;solomonA1#&quot; and confirm password  &quot;solomonA1#&quot; (skipped)</div>]]>
    </line>
    <line>
      <![CDATA[<div "result">And  I click submit (skipped)</div>]]>
    </line>
    <line>
      <![CDATA[<div "result">Then  &quot;create_account_success.php&quot; page should be seen (failed : 0s)</div>]]>
    </line>
    <line>
      <![CDATA[<div "result">Given  your are in registraion page &quot;http:&#x2F;&#x2F;newtours.demoaut.com&#x2F;mercuryregister.php&quot; (skipped)</div>]]>
    </line>
    <line>
      <![CDATA[<div "scenario">Scenario Outline: Check registraion with correct and incorrect password and confirm password field</div>]]>
    </line>
    <line>
      <![CDATA[<div "result">And  Add correct data to registration form 5 (skipped)</div>]]>
    </line>
    <line>
      <![CDATA[<div "result">When  I insert password &quot;vwrwerwervwrwerQRTRE1$&quot; and confirm password  &quot;vwrwerwervwrwerQRTRE1$&quot; (skipped)</div>]]>
    </line>
    <line>
      <![CDATA[<div "result">And  I click submit (skipped)</div>]]>
    </line>
    <line>
      <![CDATA[<div "result">Then  &quot;create_account_success.php&quot; page should be seen (failed : 0s)</div>]]>
    </line>
    <line>
      <![CDATA[<div "result">Given  your are in registraion page &quot;http:&#x2F;&#x2F;newtours.demoaut.com&#x2F;mercuryregister.php&quot; (skipped)</div>]]>
    </line>
    <line>
      <![CDATA[<div "scenario">Scenario Outline: Check registraion with correct and incorrect password and confirm password field</div>]]>
    </line>
    <line>
      <![CDATA[<div "result">And  Add correct data to registration form 5 (skipped)</div>]]>
    </line>
    <line>
      <![CDATA[<div "result">When  I insert password &quot;solomonA1&quot; and confirm password  &quot;solomonA1&quot; (skipped)</div>]]>
    </line>
    <line>
      <![CDATA[<div "result">And  I click submit (skipped)</div>]]>
    </line>
    <line>
      <![CDATA[<div "result">Then  &quot;mercuryregister.php&quot; page should be seen (failed : 0s)</div>]]>
    </line>
    <line>
      <![CDATA[<div "result">Given  your are in registraion page &quot;http:&#x2F;&#x2F;newtours.demoaut.com&#x2F;mercuryregister.php&quot; (skipped)</div>]]>
    </line>
    <line>
      <![CDATA[<div "scenario">Scenario Outline: Check registraion with correct and incorrect password and confirm password field</div>]]>
    </line>
    <line>
      <![CDATA[<div "result">And  Add correct data to registration form 5 (skipped)</div>]]>
    </line>
    <line>
      <![CDATA[<div "result">When  I insert password &quot;solomonA#&quot; and confirm password  &quot;solomonA#&quot; (skipped)</div>]]>
    </line>
    <line>
      <![CDATA[<div "result">And  I click submit (skipped)</div>]]>
    </line>
    <line>
      <![CDATA[<div "result">Then  &quot;mercuryregister.php&quot; page should be seen (failed : 0s)</div>]]>
    </line>
    <line>
      <![CDATA[<div "result">Given  your are in registraion page &quot;http:&#x2F;&#x2F;newtours.demoaut.com&#x2F;mercuryregister.php&quot; (skipped)</div>]]>
    </line>
    <line>
      <![CDATA[<div "scenario">Scenario Outline: Check registraion with correct and incorrect password and confirm password field</div>]]>
    </line>
    <line>
      <![CDATA[<div "result">And  Add correct data to registration form 5 (skipped)</div>]]>
    </line>
    <line>
      <![CDATA[<div "result">When  I insert password &quot;solomon1#&quot; and confirm password  &quot;solomon1#&quot; (skipped)</div>]]>
    </line>
    <line>
      <![CDATA[<div "result">And  I click submit (skipped)</div>]]>
    </line>
    <line>
      <![CDATA[<div "result">Then  &quot;mercuryregister.php&quot; page should be seen (failed : 0s)</div>]]>
    </line>
    <line>
      <![CDATA[<div "result">Given  your are in registraion page &quot;http:&#x2F;&#x2F;newtours.demoaut.com&#x2F;mercuryregister.php&quot; (skipped)</div>]]>
    </line>
    <line>
      <![CDATA[<div "scenario">Scenario Outline: Check registraion with correct and incorrect password and confirm password field</div>]]>
    </line>
    <line>
      <![CDATA[<div "result">And  Add correct data to registration form 5 (skipped)</div>]]>
    </line>
    <line>
      <![CDATA[<div "result">When  I insert password &quot;so1A#&quot; and confirm password  &quot;so1A#&quot; (skipped)</div>]]>
    </line>
    <line>
      <![CDATA[<div "result">And  I click submit (skipped)</div>]]>
    </line>
    <line>
      <![CDATA[<div "result">Then  &quot;mercuryregister.php&quot; page should be seen (failed : 0s)</div>]]>
    </line>
    <line>
      <![CDATA[<div "result">Given  your are in registraion page &quot;http:&#x2F;&#x2F;newtours.demoaut.com&#x2F;mercuryregister.php&quot; (skipped)</div>]]>
    </line>
    <line>
      <![CDATA[<div "scenario">Scenario Outline: Check registraion with correct and incorrect password and confirm password field</div>]]>
    </line>
    <line>
      <![CDATA[<div "result">And  Add correct data to registration form 5 (skipped)</div>]]>
    </line>
    <line>
      <![CDATA[<div "result">When  I insert password &quot;solomonA1#&quot; and confirm password  &quot;selemenA1#&quot; (skipped)</div>]]>
    </line>
    <line>
      <![CDATA[<div "result">And  I click submit (skipped)</div>]]>
    </line>
    <line>
      <![CDATA[<div "result">Then  &quot;mercuryregister.php&quot; page should be seen (failed : 0s)</div>]]>
    </line>
    <line>
      <![CDATA[<div "result">Given  your are in registraion page &quot;http:&#x2F;&#x2F;newtours.demoaut.com&#x2F;mercuryregister.php&quot; (skipped)</div>]]>
    </line>
    <line>
      <![CDATA[<div "scenario">Scenario Outline: Check registraion with correct and incorrect password and confirm password field</div>]]>
    </line>
    <line>
      <![CDATA[<div "result">And  Add correct data to registration form 5 (skipped)</div>]]>
    </line>
    <line>
      <![CDATA[<div "result">When  I insert password &quot;&quot; and confirm password  &quot;solomonA1#&quot; (skipped)</div>]]>
    </line>
    <line>
      <![CDATA[<div "result">And  I click submit (skipped)</div>]]>
    </line>
    <line>
      <![CDATA[<div "result">Then  &quot;mercuryregister.php&quot; page should be seen (failed : 0s)</div>]]>
    </line>
    <line>
      <![CDATA[<div "result">Given  your are in registraion page &quot;http:&#x2F;&#x2F;newtours.demoaut.com&#x2F;mercuryregister.php&quot; (skipped)</div>]]>
    </line>
    <line>
      <![CDATA[<div "scenario">Scenario Outline: Check registraion with correct and incorrect password and confirm password field</div>]]>
    </line>
    <line>
      <![CDATA[<div "result">And  Add correct data to registration form 5 (skipped)</div>]]>
    </line>
    <line>
      <![CDATA[<div "result">When  I insert password &quot;solomonA1#&quot; and confirm password  &quot;&quot; (skipped)</div>]]>
    </line>
    <line>
      <![CDATA[<div "result">And  I click submit (skipped)</div>]]>
    </line>
    <line>
      <![CDATA[<div "result">Then  &quot;mercuryregister.php&quot; page should be seen (failed : 0s)</div>]]>
    </line>
    <line>
      <![CDATA[<div "result">Given  your are in registraion page &quot;http:&#x2F;&#x2F;newtours.demoaut.com&#x2F;mercuryregister.php&quot; (skipped)</div>]]>
    </line>
    <line>
      <![CDATA[<div "scenario">Scenario Outline: Check registraion with correct and incorrect password and confirm password field</div>]]>
    </line>
    <line>
      <![CDATA[<div "result">And  Add correct data to registration form 5 (skipped)</div>]]>
    </line>
    <line>
      <![CDATA[<div "result">When  I insert password &quot;&quot; and confirm password  &quot;&quot; (skipped)</div>]]>
    </line>
    <line>
      <![CDATA[<div "result">And  I click submit (skipped)</div>]]>
    </line>
  </reporter-output>
  <suite name="Default suite" duration-ms="839" started-at="2019-10-06T15:14:24Z" finished-at="2019-10-06T15:14:25Z">
    <groups>
      <group name="cucumber">
        <method signature="AbstractTestNGCucumberTests.run_cukes()[pri:0, instance:BDDGroupIID.BDDArtifactID.TestRunnerTestNG@3c0f93f1]" name="run_cukes" class="cucumber.api.testng.AbstractTestNGCucumberTests"/>
      </group> <!-- cucumber -->
    </groups>
    <test name="Default test" duration-ms="839" started-at="2019-10-06T15:14:24Z" finished-at="2019-10-06T15:14:25Z">
      <class name="BDDGroupIID.BDDArtifactID.TestRunnerTestNG">
        <test-method status="SKIP" signature="run_cukes()[pri:0, instance:BDDGroupIID.BDDArtifactID.TestRunnerTestNG@3c0f93f1]" name="run_cukes" duration-ms="794" started-at="2019-10-06T15:14:24Z" description="Runs Cucumber Features" finished-at="2019-10-06T15:14:25Z">
          <exception class="cucumber.runtime.CucumberException">
            <message>
              <![CDATA[java.lang.NullPointerException]]>
            </message>
            <full-stacktrace>
              <![CDATA[cucumber.runtime.CucumberException: java.lang.NullPointerException
at cucumber.api.testng.TestNGCucumberRunner.runCukes(TestNGCucumberRunner.java:48)
at cucumber.api.testng.AbstractTestNGCucumberTests.run_cukes(AbstractTestNGCucumberTests.java:14)
at sun.reflect.NativeMethodAccessorImpl.invoke0(Native Method)
at sun.reflect.NativeMethodAccessorImpl.invoke(Unknown Source)
at sun.reflect.DelegatingMethodAccessorImpl.invoke(Unknown Source)
at java.lang.reflect.Method.invoke(Unknown Source)
at org.testng.internal.MethodInvocationHelper.invokeMethod(MethodInvocationHelper.java:124)
at org.testng.internal.MethodInvocationHelper$1.runTestMethod(MethodInvocationHelper.java:230)
at cucumber.api.testng.AbstractTestNGCucumberTests.run(AbstractTestNGCucumberTests.java:19)
at org.testng.internal.MethodInvocationHelper.invokeHookable(MethodInvocationHelper.java:242)
at org.testng.internal.Invoker.invokeMethod(Invoker.java:579)
at org.testng.internal.Invoker.invokeTestMethod(Invoker.java:719)
at org.testng.internal.Invoker.invokeTestMethods(Invoker.java:989)
at org.testng.internal.TestMethodWorker.invokeTestMethods(TestMethodWorker.java:125)
at org.testng.internal.TestMethodWorker.run(TestMethodWorker.java:109)
at org.testng.TestRunner.privateRun(TestRunner.java:648)
at org.testng.TestRunner.run(TestRunner.java:505)
at org.testng.SuiteRunner.runTest(SuiteRunner.java:455)
at org.testng.SuiteRunner.runSequentially(SuiteRunner.java:450)
at org.testng.SuiteRunner.privateRun(SuiteRunner.java:415)
at org.testng.SuiteRunner.run(SuiteRunner.java:364)
at org.testng.SuiteRunnerWorker.runSuite(SuiteRunnerWorker.java:52)
at org.testng.SuiteRunnerWorker.run(SuiteRunnerWorker.java:84)
at org.testng.TestNG.runSuitesSequentially(TestNG.java:1208)
at org.testng.TestNG.runSuitesLocally(TestNG.java:1137)
at org.testng.TestNG.runSuites(TestNG.java:1049)
at org.testng.TestNG.run(TestNG.java:1017)
at org.testng.remote.AbstractRemoteTestNG.run(AbstractRemoteTestNG.java:114)
at org.testng.remote.RemoteTestNG.initAndRun(RemoteTestNG.java:251)
at org.testng.remote.RemoteTestNG.main(RemoteTestNG.java:77)
Caused by: java.lang.NullPointerException
at stepDefinitions.LoginTest.i_am_in_newtours_home_page(LoginTest.java:20)
at ✽.Given I am in newtours home page "http://www.newtours.demoaut.com/"(loginPageTest.feature:25)
]]>
            </full-stacktrace>
          </exception> <!-- cucumber.runtime.CucumberException -->
          <reporter-output>
            <line>
              <![CDATA[<div "featureFile">Feature File: loginPageTest.feature</div>]]>
            </line>
            <line>
              <![CDATA[<div "feature">Feature: Loing test for newtorus web, for exercise</div>]]>
            </line>
            <line>
              <![CDATA[<div "result">Given  I am in newtours home page &quot;http:&#x2F;&#x2F;www.newtours.demoaut.com&#x2F;&quot; (failed : 0s)</div>]]>
            </line>
            <line>
              <![CDATA[<div "scenario">Scenario: Login test weith correct credencials</div>]]>
            </line>
            <line>
              <![CDATA[<div "result">When  I insert user name=&quot;a&quot; and password=&quot;a&quot; (skipped)</div>]]>
            </line>
            <line>
              <![CDATA[<div "result">And  I press Login button (skipped)</div>]]>
            </line>
            <line>
              <![CDATA[<div "result">Then  &quot;SIGN-OFF&quot; link should be seen on the top menue (skipped)</div>]]>
            </line>
            <line>
              <![CDATA[<div "result">Given  I am in newtours home page &quot;http:&#x2F;&#x2F;www.newtours.demoaut.com&#x2F;&quot; (failed : 0s)</div>]]>
            </line>
            <line>
              <![CDATA[<div "scenario">Scenario: login not success with incorrect username abced and pass ab</div>]]>
            </line>
            <line>
              <![CDATA[<div "result">When  I insert user name &quot;abcd&quot; and password &quot;ab&quot; (skipped)</div>]]>
            </line>
            <line>
              <![CDATA[<div "result">And  i press login (skipped)</div>]]>
            </line>
            <line>
              <![CDATA[<div "result">Then  &quot;SIGN-ON&quot; link shoudl be seen (skipped)</div>]]>
            </line>
            <line>
              <![CDATA[<div "result">Given  I am in newtours home page &quot;http:&#x2F;&#x2F;www.newtours.demoaut.com&#x2F;&quot; (failed : 0s)</div>]]>
            </line>
            <line>
              <![CDATA[<div "scenario">Scenario: test gmail page</div>]]>
            </line>
            <line>
              <![CDATA[<div "result">When  I insert Username =&quot;xxxxx@gmail.com&quot; (undefined)</div>]]>
            </line>
            <line>
              <![CDATA[<div "result">And  I insert password =&quot;xxxxx&quot; (undefined)</div>]]>
            </line>
            <line>
              <![CDATA[<div "result">And  Press loing button (undefined)</div>]]>
            </line>
            <line>
              <![CDATA[<div "result">Then  I should get login success (undefined)</div>]]>
            </line>
            <line>
              <![CDATA[<div "scenarioOutline">Scenario Outline: Login test with different credencials</div>]]>
            </line>
            <line>
              <![CDATA[<div "result">When  I insert user name=&quot;&lt;userName&gt;&quot; and password=&quot;&lt;password&gt;&quot; (failed : 0s)</div>]]>
            </line>
            <line>
              <![CDATA[<div "scenario">Scenario Outline: Login test with different credencials</div>]]>
            </line>
            <line>
              <![CDATA[<div "result">And  I press Login button (skipped)</div>]]>
            </line>
            <line>
              <![CDATA[<div "result">Then  &quot;&lt;link&gt;&quot; link should be seen on the top menue (skipped)</div>]]>
            </line>
            <line>
              <![CDATA[<div "result">Given  I am in newtours home page &quot;http:&#x2F;&#x2F;www.newtours.demoaut.com&#x2F;&quot; (skipped)</div>]]>
            </line>
            <line>
              <![CDATA[<div "result">When  I insert user name=&quot;a&quot; and password=&quot;a&quot; (failed : 0s)</div>]]>
            </line>
            <line>
              <![CDATA[<div "scenario">Scenario Outline: Login test with different credencials</div>]]>
            </line>
            <line>
              <![CDATA[<div "result">And  I press Login button (skipped)</div>]]>
            </line>
            <line>
              <![CDATA[<div "result">Then  &quot;SIGN-OFF&quot; link should be seen on the top menue (skipped)</div>]]>
            </line>
            <line>
              <![CDATA[<div "result">Given  I am in newtours home page &quot;http:&#x2F;&#x2F;www.newtours.demoaut.com&#x2F;&quot; (skipped)</div>]]>
            </line>
            <line>
              <![CDATA[<div "result">When  I insert user name=&quot;a&quot; and password=&quot;bbb&quot; (failed : 0s)</div>]]>
            </line>
            <line>
              <![CDATA[<div "scenario">Scenario Outline: Login test with different credencials</div>]]>
            </line>
            <line>
              <![CDATA[<div "result">And  I press Login button (skipped)</div>]]>
            </line>
            <line>
              <![CDATA[<div "result">Then  &quot;SIGN-ON&quot; link should be seen on the top menue (skipped)</div>]]>
            </line>
            <line>
              <![CDATA[<div "result">Given  I am in newtours home page &quot;http:&#x2F;&#x2F;www.newtours.demoaut.com&#x2F;&quot; (skipped)</div>]]>
            </line>
            <line>
              <![CDATA[<div "result">When  I insert user name=&quot;bbb&quot; and password=&quot;a&quot; (failed : 0s)</div>]]>
            </line>
            <line>
              <![CDATA[<div "scenario">Scenario Outline: Login test with different credencials</div>]]>
            </line>
            <line>
              <![CDATA[<div "result">And  I press Login button (skipped)</div>]]>
            </line>
            <line>
              <![CDATA[<div "result">Then  &quot;SIGN-ON&quot; link should be seen on the top menue (skipped)</div>]]>
            </line>
            <line>
              <![CDATA[<div "result">Given  I am in newtours home page &quot;http:&#x2F;&#x2F;www.newtours.demoaut.com&#x2F;&quot; (skipped)</div>]]>
            </line>
            <line>
              <![CDATA[<div "result">When  I insert user name=&quot;bbbc&quot; and password=&quot;bbbc&quot; (failed : 0s)</div>]]>
            </line>
            <line>
              <![CDATA[<div "scenario">Scenario Outline: Login test with different credencials</div>]]>
            </line>
            <line>
              <![CDATA[<div "result">And  I press Login button (skipped)</div>]]>
            </line>
            <line>
              <![CDATA[<div "result">Then  &quot;SIGN-ON&quot; link should be seen on the top menue (skipped)</div>]]>
            </line>
            <line>
              <![CDATA[<div "result">Given  I am in newtours home page &quot;http:&#x2F;&#x2F;www.newtours.demoaut.com&#x2F;&quot; (skipped)</div>]]>
            </line>
            <line>
              <![CDATA[<div "result">When  I insert user name=&quot;&quot; and password=&quot;a&quot; (failed : 0s)</div>]]>
            </line>
            <line>
              <![CDATA[<div "scenario">Scenario Outline: Login test with different credencials</div>]]>
            </line>
            <line>
              <![CDATA[<div "result">And  I press Login button (skipped)</div>]]>
            </line>
            <line>
              <![CDATA[<div "result">Then  &quot;SIGN-ON&quot; link should be seen on the top menue (skipped)</div>]]>
            </line>
            <line>
              <![CDATA[<div "result">Given  I am in newtours home page &quot;http:&#x2F;&#x2F;www.newtours.demoaut.com&#x2F;&quot; (skipped)</div>]]>
            </line>
            <line>
              <![CDATA[<div "result">When  I insert user name=&quot;a&quot; and password=&quot;&quot; (failed : 0s)</div>]]>
            </line>
            <line>
              <![CDATA[<div "scenario">Scenario Outline: Login test with different credencials</div>]]>
            </line>
            <line>
              <![CDATA[<div "result">And  I press Login button (skipped)</div>]]>
            </line>
            <line>
              <![CDATA[<div "result">Then  &quot;SIGN-ON&quot; link should be seen on the top menue (skipped)</div>]]>
            </line>
            <line>
              <![CDATA[<div "result">Given  I am in newtours home page &quot;http:&#x2F;&#x2F;www.newtours.demoaut.com&#x2F;&quot; (skipped)</div>]]>
            </line>
            <line>
              <![CDATA[<div "result">When  I insert user name=&quot;&quot; and password=&quot;&quot; (failed : 0s)</div>]]>
            </line>
            <line>
              <![CDATA[<div "scenario">Scenario: registraoin test</div>]]>
            </line>
            <line>
              <![CDATA[<div "result">And  I press Login button (undefined)</div>]]>
            </line>
            <line>
              <![CDATA[<div "result">Then  &quot;SIGN-ON&quot; link should be seen on the top menue (undefined)</div>]]>
            </line>
            <line>
              <![CDATA[<div "result">Given  I am in newtours home page &quot;http:&#x2F;&#x2F;www.newtours.demoaut.com&#x2F;&quot; (undefined)</div>]]>
            </line>
            <line>
              <![CDATA[<div "result">*  I am on newtours reg page (undefined)</div>]]>
            </line>
            <line>
              <![CDATA[<div "featureFile">Feature File: registrationPageTest.feature</div>]]>
            </line>
            <line>
              <![CDATA[<div "feature">Feature: Testing registriaon page with different values</div>]]>
            </line>
            <line>
              <![CDATA[<div "scenarioOutline">Scenario Outline: Check registraion with correct and incorrect password and confirm password field</div>]]>
            </line>
            <line>
              <![CDATA[<div "result">*  I type corect info ofr userName=&quot;solomo&quot; age29, address=&#x27;dfsdfsfsd&quot; (failed : 0s)</div>]]>
            </line>
            <line>
              <![CDATA[<div "result">*  press submit button (skipped)</div>]]>
            </line>
            <line>
              <![CDATA[<div "scenario">Scenario Outline: Check registraion with correct and incorrect password and confirm password field</div>]]>
            </line>
            <line>
              <![CDATA[<div "result">*  I should get reg success (skipped)</div>]]>
            </line>
            <line>
              <![CDATA[<div "result">When  I insert password &quot;&lt;password&gt;&quot; and confirm password  &quot;&lt;confirm&gt;&quot; (skipped)</div>]]>
            </line>
            <line>
              <![CDATA[<div "result">And  I click submit (skipped)</div>]]>
            </line>
            <line>
              <![CDATA[<div "result">Then  &quot;&lt;url&gt;&quot; page should be seen (failed : 0s)</div>]]>
            </line>
            <line>
              <![CDATA[<div "result">Given  your are in registraion page &quot;http:&#x2F;&#x2F;newtours.demoaut.com&#x2F;mercuryregister.php&quot; (skipped)</div>]]>
            </line>
            <line>
              <![CDATA[<div "scenario">Scenario Outline: Check registraion with correct and incorrect password and confirm password field</div>]]>
            </line>
            <line>
              <![CDATA[<div "result">And  Add correct data to registration form 5 (skipped)</div>]]>
            </line>
            <line>
              <![CDATA[<div "result">When  I insert password &quot;solomonA1#&quot; and confirm password  &quot;solomonA1#&quot; (skipped)</div>]]>
            </line>
            <line>
              <![CDATA[<div "result">And  I click submit (skipped)</div>]]>
            </line>
            <line>
              <![CDATA[<div "result">Then  &quot;create_account_success.php&quot; page should be seen (failed : 0s)</div>]]>
            </line>
            <line>
              <![CDATA[<div "result">Given  your are in registraion page &quot;http:&#x2F;&#x2F;newtours.demoaut.com&#x2F;mercuryregister.php&quot; (skipped)</div>]]>
            </line>
            <line>
              <![CDATA[<div "scenario">Scenario Outline: Check registraion with correct and incorrect password and confirm password field</div>]]>
            </line>
            <line>
              <![CDATA[<div "result">And  Add correct data to registration form 5 (skipped)</div>]]>
            </line>
            <line>
              <![CDATA[<div "result">When  I insert password &quot;vwrwerwervwrwerQRTRE1$&quot; and confirm password  &quot;vwrwerwervwrwerQRTRE1$&quot; (skipped)</div>]]>
            </line>
            <line>
              <![CDATA[<div "result">And  I click submit (skipped)</div>]]>
            </line>
            <line>
              <![CDATA[<div "result">Then  &quot;create_account_success.php&quot; page should be seen (failed : 0s)</div>]]>
            </line>
            <line>
              <![CDATA[<div "result">Given  your are in registraion page &quot;http:&#x2F;&#x2F;newtours.demoaut.com&#x2F;mercuryregister.php&quot; (skipped)</div>]]>
            </line>
            <line>
              <![CDATA[<div "scenario">Scenario Outline: Check registraion with correct and incorrect password and confirm password field</div>]]>
            </line>
            <line>
              <![CDATA[<div "result">And  Add correct data to registration form 5 (skipped)</div>]]>
            </line>
            <line>
              <![CDATA[<div "result">When  I insert password &quot;solomonA1&quot; and confirm password  &quot;solomonA1&quot; (skipped)</div>]]>
            </line>
            <line>
              <![CDATA[<div "result">And  I click submit (skipped)</div>]]>
            </line>
            <line>
              <![CDATA[<div "result">Then  &quot;mercuryregister.php&quot; page should be seen (failed : 0s)</div>]]>
            </line>
            <line>
              <![CDATA[<div "result">Given  your are in registraion page &quot;http:&#x2F;&#x2F;newtours.demoaut.com&#x2F;mercuryregister.php&quot; (skipped)</div>]]>
            </line>
            <line>
              <![CDATA[<div "scenario">Scenario Outline: Check registraion with correct and incorrect password and confirm password field</div>]]>
            </line>
            <line>
              <![CDATA[<div "result">And  Add correct data to registration form 5 (skipped)</div>]]>
            </line>
            <line>
              <![CDATA[<div "result">When  I insert password &quot;solomonA#&quot; and confirm password  &quot;solomonA#&quot; (skipped)</div>]]>
            </line>
            <line>
              <![CDATA[<div "result">And  I click submit (skipped)</div>]]>
            </line>
            <line>
              <![CDATA[<div "result">Then  &quot;mercuryregister.php&quot; page should be seen (failed : 0s)</div>]]>
            </line>
            <line>
              <![CDATA[<div "result">Given  your are in registraion page &quot;http:&#x2F;&#x2F;newtours.demoaut.com&#x2F;mercuryregister.php&quot; (skipped)</div>]]>
            </line>
            <line>
              <![CDATA[<div "scenario">Scenario Outline: Check registraion with correct and incorrect password and confirm password field</div>]]>
            </line>
            <line>
              <![CDATA[<div "result">And  Add correct data to registration form 5 (skipped)</div>]]>
            </line>
            <line>
              <![CDATA[<div "result">When  I insert password &quot;solomon1#&quot; and confirm password  &quot;solomon1#&quot; (skipped)</div>]]>
            </line>
            <line>
              <![CDATA[<div "result">And  I click submit (skipped)</div>]]>
            </line>
            <line>
              <![CDATA[<div "result">Then  &quot;mercuryregister.php&quot; page should be seen (failed : 0s)</div>]]>
            </line>
            <line>
              <![CDATA[<div "result">Given  your are in registraion page &quot;http:&#x2F;&#x2F;newtours.demoaut.com&#x2F;mercuryregister.php&quot; (skipped)</div>]]>
            </line>
            <line>
              <![CDATA[<div "scenario">Scenario Outline: Check registraion with correct and incorrect password and confirm password field</div>]]>
            </line>
            <line>
              <![CDATA[<div "result">And  Add correct data to registration form 5 (skipped)</div>]]>
            </line>
            <line>
              <![CDATA[<div "result">When  I insert password &quot;so1A#&quot; and confirm password  &quot;so1A#&quot; (skipped)</div>]]>
            </line>
            <line>
              <![CDATA[<div "result">And  I click submit (skipped)</div>]]>
            </line>
            <line>
              <![CDATA[<div "result">Then  &quot;mercuryregister.php&quot; page should be seen (failed : 0s)</div>]]>
            </line>
            <line>
              <![CDATA[<div "result">Given  your are in registraion page &quot;http:&#x2F;&#x2F;newtours.demoaut.com&#x2F;mercuryregister.php&quot; (skipped)</div>]]>
            </line>
            <line>
              <![CDATA[<div "scenario">Scenario Outline: Check registraion with correct and incorrect password and confirm password field</div>]]>
            </line>
            <line>
              <![CDATA[<div "result">And  Add correct data to registration form 5 (skipped)</div>]]>
            </line>
            <line>
              <![CDATA[<div "result">When  I insert password &quot;solomonA1#&quot; and confirm password  &quot;selemenA1#&quot; (skipped)</div>]]>
            </line>
            <line>
              <![CDATA[<div "result">And  I click submit (skipped)</div>]]>
            </line>
            <line>
              <![CDATA[<div "result">Then  &quot;mercuryregister.php&quot; page should be seen (failed : 0s)</div>]]>
            </line>
            <line>
              <![CDATA[<div "result">Given  your are in registraion page &quot;http:&#x2F;&#x2F;newtours.demoaut.com&#x2F;mercuryregister.php&quot; (skipped)</div>]]>
            </line>
            <line>
              <![CDATA[<div "scenario">Scenario Outline: Check registraion with correct and incorrect password and confirm password field</div>]]>
            </line>
            <line>
              <![CDATA[<div "result">And  Add correct data to registration form 5 (skipped)</div>]]>
            </line>
            <line>
              <![CDATA[<div "result">When  I insert password &quot;&quot; and confirm password  &quot;solomonA1#&quot; (skipped)</div>]]>
            </line>
            <line>
              <![CDATA[<div "result">And  I click submit (skipped)</div>]]>
            </line>
            <line>
              <![CDATA[<div "result">Then  &quot;mercuryregister.php&quot; page should be seen (failed : 0s)</div>]]>
            </line>
            <line>
              <![CDATA[<div "result">Given  your are in registraion page &quot;http:&#x2F;&#x2F;newtours.demoaut.com&#x2F;mercuryregister.php&quot; (skipped)</div>]]>
            </line>
            <line>
              <![CDATA[<div "scenario">Scenario Outline: Check registraion with correct and incorrect password and confirm password field</div>]]>
            </line>
            <line>
              <![CDATA[<div "result">And  Add correct data to registration form 5 (skipped)</div>]]>
            </line>
            <line>
              <![CDATA[<div "result">When  I insert password &quot;solomonA1#&quot; and confirm password  &quot;&quot; (skipped)</div>]]>
            </line>
            <line>
              <![CDATA[<div "result">And  I click submit (skipped)</div>]]>
            </line>
            <line>
              <![CDATA[<div "result">Then  &quot;mercuryregister.php&quot; page should be seen (failed : 0s)</div>]]>
            </line>
            <line>
              <![CDATA[<div "result">Given  your are in registraion page &quot;http:&#x2F;&#x2F;newtours.demoaut.com&#x2F;mercuryregister.php&quot; (skipped)</div>]]>
            </line>
            <line>
              <![CDATA[<div "scenario">Scenario Outline: Check registraion with correct and incorrect password and confirm password field</div>]]>
            </line>
            <line>
              <![CDATA[<div "result">And  Add correct data to registration form 5 (skipped)</div>]]>
            </line>
            <line>
              <![CDATA[<div "result">When  I insert password &quot;&quot; and confirm password  &quot;&quot; (skipped)</div>]]>
            </line>
            <line>
              <![CDATA[<div "result">And  I click submit (skipped)</div>]]>
            </line>
          </reporter-output>
        </test-method> <!-- run_cukes -->
      </class> <!-- BDDGroupIID.BDDArtifactID.TestRunnerTestNG -->
    </test> <!-- Default test -->
  </suite> <!-- Default suite -->
</testng-results>
